[0m03:39:19.350562 [debug] [MainThread]: Sending event: {'category': 'dbt', 'action': 'invocation', 'label': 'start', 'context': [<snowplow_tracker.self_describing_json.SelfDescribingJson object at 0x7b4eeee39fa0>, <snowplow_tracker.self_describing_json.SelfDescribingJson object at 0x7b4eee820bc0>, <snowplow_tracker.self_describing_json.SelfDescribingJson object at 0x7b4eeebb2e70>]}


============================== 03:39:19.370283 | f78eedfd-d713-4e87-b99e-69e72f6d7a96 ==============================
[0m03:39:19.370283 [info ] [MainThread]: Running with dbt=1.9.0
[0m03:39:19.371364 [debug] [MainThread]: running dbt with arguments {'printer_width': '80', 'indirect_selection': 'eager', 'write_json': 'True', 'log_cache_events': 'False', 'partial_parse': 'True', 'cache_selected_only': 'False', 'warn_error': 'None', 'version_check': 'True', 'profiles_dir': '/root/.dbt', 'log_path': 'logs', 'fail_fast': 'False', 'debug': 'False', 'use_colors': 'True', 'use_experimental_parser': 'False', 'empty': 'None', 'quiet': 'False', 'no_print': 'None', 'log_format': 'default', 'introspect': 'True', 'warn_error_options': 'WarnErrorOptions(include=[], exclude=[])', 'static_parser': 'True', 'target_path': 'None', 'invocation_command': 'dbt init my_project', 'send_anonymous_usage_stats': 'True'}
[0m03:39:19.479518 [debug] [MainThread]: Starter project path: /usr/local/lib/python3.12/site-packages/dbt/include/starter_project
[0m03:39:19.492319 [info ] [MainThread]: 
Your new dbt project "my_project" was created!

For more information on how to configure the profiles.yml file,
please consult the dbt documentation here:

  https://docs.getdbt.com/docs/configure-your-profile

One more thing:

Need help? Don't hesitate to reach out to us via GitHub issues or on Slack:

  https://community.getdbt.com/

Happy modeling!

[0m03:39:19.493417 [info ] [MainThread]: Setting up your profile.
[0m03:39:36.159805 [info ] [MainThread]: Profile my_project written to /root/.dbt/profiles.yml using target's profile_template.yml and your supplied values. Run 'dbt debug' to validate the connection.
[0m03:39:36.165222 [debug] [MainThread]: Resource report: {"command_name": "init", "command_success": true, "command_wall_clock_time": 16.97551, "process_in_blocks": "101392", "process_kernel_time": 0.532276, "process_mem_max_rss": "92108", "process_out_blocks": "1544", "process_user_time": 2.64152}
[0m03:39:36.169228 [debug] [MainThread]: Command `dbt init` succeeded at 03:39:36.168690 after 16.98 seconds
[0m03:39:36.171619 [debug] [MainThread]: Sending event: {'category': 'dbt', 'action': 'invocation', 'label': 'end', 'context': [<snowplow_tracker.self_describing_json.SelfDescribingJson object at 0x7b4eee9f2330>, <snowplow_tracker.self_describing_json.SelfDescribingJson object at 0x7b4eee540530>, <snowplow_tracker.self_describing_json.SelfDescribingJson object at 0x7b4eee8dd580>]}
[0m03:39:36.173255 [debug] [MainThread]: Flushing usage events
[0m03:39:37.515592 [debug] [MainThread]: An error was encountered while trying to flush usage events
